mypulse/build/app/intermediates/manifest_merge_blame_file/release/manifest-merger-blame-release-report.txt
1<?xml version="1.0" encoding="utf-8"?>
2<manifest xmlns:android="http://schemas.android.com/apk/res/android"
3    package="com.afonsoraposo.ppg"
4    android:versionCode="2"
5    android:versionName="1.0.1" >
6
7    <uses-sdk
8        android:minSdkVersion="21"
8-->src\main\AndroidManifest.xml
9        android:targetSdkVersion="28" />
9-->src\main\AndroidManifest.xml
10
11    <uses-feature
11-->src\main\AndroidManifest.xml:3:5-5:30
12        android:name="android.hardware.camera"
12-->src\main\AndroidManifest.xml:4:5-43
13        android:required="true" />
13-->src\main\AndroidManifest.xml:5:5-28
14
15    <uses-permission android:name="android.permission.CAMERA" />
15-->src\main\AndroidManifest.xml:6:5-64
15-->src\main\AndroidManifest.xml:6:22-62
16    <uses-permission android:name="android.permission.RECORD_AUDIO" />
16-->src\main\AndroidManifest.xml:7:5-70
16-->src\main\AndroidManifest.xml:7:22-68
17    <!--
18     io.flutter.app.FlutterApplication is an android.app.Application that
19         calls FlutterMain.startInitialization(this); in its onCreate method.
20         In most cases you can leave this as-is, but you if you want to provide
21         additional functionality it is fine to subclass or reimplement
22         FlutterApplication and put your custom class here.
23    -->
24    <application
24-->src\main\AndroidManifest.xml:14:5-36:19
25        android:name="io.flutter.app.FlutterApplication"
25-->src\main\AndroidManifest.xml:15:9-57
26        android:appComponentFactory="androidx.core.app.CoreComponentFactory"
26-->[androidx.core:core:1.1.0] AndroidManifest.xml:24:18-86
27        android:icon="@mipmap/launcher_icon"
27-->src\main\AndroidManifest.xml:17:9-45
28        android:label="MyPulse" >
28-->src\main\AndroidManifest.xml:16:9-32
29        <activity
29-->src\main\AndroidManifest.xml:19:9-30:20
30            android:name="com.afonsoraposo.ppg.MainActivity"
30-->src\main\AndroidManifest.xml:20:13-41
31            android:configChanges="orientation|keyboardHidden|keyboard|screenSize|smallestScreenSize|locale|layoutDirection|fontScale|screenLayout|density|uiMode"
31-->src\main\AndroidManifest.xml:23:13-163
32            android:hardwareAccelerated="true"
32-->src\main\AndroidManifest.xml:24:13-47
33            android:launchMode="singleTop"
33-->src\main\AndroidManifest.xml:21:13-43
34            android:theme="@style/LaunchTheme"
34-->src\main\AndroidManifest.xml:22:13-47
35            android:windowSoftInputMode="adjustResize" >
35-->src\main\AndroidManifest.xml:25:13-55
36            <intent-filter>
36-->src\main\AndroidManifest.xml:26:13-29:29
37                <action android:name="android.intent.action.MAIN" />
37-->src\main\AndroidManifest.xml:27:17-68
37-->src\main\AndroidManifest.xml:27:25-66
38
39                <category android:name="android.intent.category.LAUNCHER" />
39-->src\main\AndroidManifest.xml:28:17-76
39-->src\main\AndroidManifest.xml:28:27-74
40            </intent-filter>
41        </activity>
42        <!--
43             Don't delete the meta-data below.
44             This is used by the Flutter tool to generate GeneratedPluginRegistrant.java
45        -->
46        <meta-data
46-->src\main\AndroidManifest.xml:33:9-35:33
47            android:name="flutterEmbedding"
47-->src\main\AndroidManifest.xml:34:13-44
48            android:value="2" />
48-->src\main\AndroidManifest.xml:35:13-30
49    </application>
50
51</manifest>